<?xml version="1.0" encoding="UTF-8"?>
<testsuite xmlns:xsi="http://www.w3.org/2001/XMLSchema-instance" xsi:noNamespaceSchemaLocation="https://maven.apache.org/surefire/maven-surefire-plugin/xsd/surefire-test-report.xsd" name="com.talend.se.lambda.handler.TalendJobHandlerTest" time="1.814" tests="1" errors="1" skipped="0" failures="0">
  <properties>
    <property name="sun.desktop" value="windows"/>
    <property name="awt.toolkit" value="sun.awt.windows.WToolkit"/>
    <property name="file.encoding.pkg" value="sun.io"/>
    <property name="java.specification.version" value="1.8"/>
    <property name="sun.cpu.isalist" value="amd64"/>
    <property name="sun.jnu.encoding" value="Cp1252"/>
    <property name="java.class.path" value="C:\Users\eost\git\lambda\job\target\test-classes;C:\Users\eost\git\lambda\job\target\classes;C:\Users\eost\.m2\repository\com\talend\se\handler\0.0.1-SNAPSHOT\handler-0.0.1-SNAPSHOT.jar;C:\Users\eost\.m2\repository\org\apache\logging\log4j\log4j-api\2.12.0\log4j-api-2.12.0.jar;C:\Users\eost\.m2\repository\org\apache\logging\log4j\log4j-core\2.12.0\log4j-core-2.12.0.jar;C:\Users\eost\.m2\repository\org\apache\logging\log4j\log4j-1.2-api\2.12.0\log4j-1.2-api-2.12.0.jar;C:\Users\eost\.m2\repository\commons-logging\commons-logging\1.2\commons-logging-1.2.jar;C:\Users\eost\.m2\repository\org\apache\logging\log4j\log4j-jcl\2.12.0\log4j-jcl-2.12.0.jar;C:\Users\eost\.m2\repository\com\amazonaws\aws-lambda-java-core\1.1.0\aws-lambda-java-core-1.1.0.jar;C:\Users\eost\.m2\repository\com\amazonaws\aws-java-sdk-s3\1.11.475\aws-java-sdk-s3-1.11.475.jar;C:\Users\eost\.m2\repository\com\amazonaws\aws-java-sdk-kms\1.11.475\aws-java-sdk-kms-1.11.475.jar;C:\Users\eost\.m2\repository\com\amazonaws\aws-java-sdk-core\1.11.475\aws-java-sdk-core-1.11.475.jar;C:\Users\eost\.m2\repository\org\apache\httpcomponents\httpclient\4.5.5\httpclient-4.5.5.jar;C:\Users\eost\.m2\repository\org\apache\httpcomponents\httpcore\4.4.9\httpcore-4.4.9.jar;C:\Users\eost\.m2\repository\commons-codec\commons-codec\1.10\commons-codec-1.10.jar;C:\Users\eost\.m2\repository\software\amazon\ion\ion-java\1.0.2\ion-java-1.0.2.jar;C:\Users\eost\.m2\repository\com\fasterxml\jackson\core\jackson-databind\2.6.7.2\jackson-databind-2.6.7.2.jar;C:\Users\eost\.m2\repository\com\fasterxml\jackson\core\jackson-annotations\2.6.0\jackson-annotations-2.6.0.jar;C:\Users\eost\.m2\repository\com\fasterxml\jackson\core\jackson-core\2.6.7\jackson-core-2.6.7.jar;C:\Users\eost\.m2\repository\com\fasterxml\jackson\dataformat\jackson-dataformat-cbor\2.6.7\jackson-dataformat-cbor-2.6.7.jar;C:\Users\eost\.m2\repository\joda-time\joda-time\2.8.1\joda-time-2.8.1.jar;C:\Users\eost\.m2\repository\com\amazonaws\jmespath-java\1.11.475\jmespath-java-1.11.475.jar;C:\Users\eost\.m2\repository\com\amazonaws\aws-lambda-java-events\1.3.0\aws-lambda-java-events-1.3.0.jar;C:\Users\eost\.m2\repository\com\amazonaws\aws-java-sdk-sns\1.11.475\aws-java-sdk-sns-1.11.475.jar;C:\Users\eost\.m2\repository\com\amazonaws\aws-java-sdk-sqs\1.11.475\aws-java-sdk-sqs-1.11.475.jar;C:\Users\eost\.m2\repository\com\amazonaws\aws-java-sdk-cognitoidentity\1.11.475\aws-java-sdk-cognitoidentity-1.11.475.jar;C:\Users\eost\.m2\repository\com\amazonaws\aws-java-sdk-kinesis\1.11.475\aws-java-sdk-kinesis-1.11.475.jar;C:\Users\eost\.m2\repository\com\amazonaws\aws-java-sdk-dynamodb\1.11.475\aws-java-sdk-dynamodb-1.11.475.jar;C:\Users\eost\.m2\repository\junit\junit\4.12\junit-4.12.jar;C:\Users\eost\.m2\repository\org\hamcrest\hamcrest-core\1.3\hamcrest-core-1.3.jar;"/>
    <property name="java.vm.vendor" value="Oracle Corporation"/>
    <property name="sun.arch.data.model" value="64"/>
    <property name="user.variant" value=""/>
    <property name="java.vendor.url" value="http://java.oracle.com/"/>
    <property name="user.timezone" value="America/New_York"/>
    <property name="java.vm.specification.version" value="1.8"/>
    <property name="os.name" value="Windows 10"/>
    <property name="user.country" value="US"/>
    <property name="sun.java.launcher" value="SUN_STANDARD"/>
    <property name="sun.boot.library.path" value="C:\java\jdk1.8.0_192\jre\bin"/>
    <property name="sun.java.command" value="C:\Users\eost\AppData\Local\Temp\surefire2412129291112084968\surefirebooter337095740522576150.jar C:\Users\eost\AppData\Local\Temp\surefire2412129291112084968 2019-08-02T05-35-57_228-jvmRun1 surefire8401737114836113660tmp surefire_06285129276987067791tmp"/>
    <property name="surefire.test.class.path" value="C:\Users\eost\git\lambda\job\target\test-classes;C:\Users\eost\git\lambda\job\target\classes;C:\Users\eost\.m2\repository\com\talend\se\handler\0.0.1-SNAPSHOT\handler-0.0.1-SNAPSHOT.jar;C:\Users\eost\.m2\repository\org\apache\logging\log4j\log4j-api\2.12.0\log4j-api-2.12.0.jar;C:\Users\eost\.m2\repository\org\apache\logging\log4j\log4j-core\2.12.0\log4j-core-2.12.0.jar;C:\Users\eost\.m2\repository\org\apache\logging\log4j\log4j-1.2-api\2.12.0\log4j-1.2-api-2.12.0.jar;C:\Users\eost\.m2\repository\commons-logging\commons-logging\1.2\commons-logging-1.2.jar;C:\Users\eost\.m2\repository\org\apache\logging\log4j\log4j-jcl\2.12.0\log4j-jcl-2.12.0.jar;C:\Users\eost\.m2\repository\com\amazonaws\aws-lambda-java-core\1.1.0\aws-lambda-java-core-1.1.0.jar;C:\Users\eost\.m2\repository\com\amazonaws\aws-java-sdk-s3\1.11.475\aws-java-sdk-s3-1.11.475.jar;C:\Users\eost\.m2\repository\com\amazonaws\aws-java-sdk-kms\1.11.475\aws-java-sdk-kms-1.11.475.jar;C:\Users\eost\.m2\repository\com\amazonaws\aws-java-sdk-core\1.11.475\aws-java-sdk-core-1.11.475.jar;C:\Users\eost\.m2\repository\org\apache\httpcomponents\httpclient\4.5.5\httpclient-4.5.5.jar;C:\Users\eost\.m2\repository\org\apache\httpcomponents\httpcore\4.4.9\httpcore-4.4.9.jar;C:\Users\eost\.m2\repository\commons-codec\commons-codec\1.10\commons-codec-1.10.jar;C:\Users\eost\.m2\repository\software\amazon\ion\ion-java\1.0.2\ion-java-1.0.2.jar;C:\Users\eost\.m2\repository\com\fasterxml\jackson\core\jackson-databind\2.6.7.2\jackson-databind-2.6.7.2.jar;C:\Users\eost\.m2\repository\com\fasterxml\jackson\core\jackson-annotations\2.6.0\jackson-annotations-2.6.0.jar;C:\Users\eost\.m2\repository\com\fasterxml\jackson\core\jackson-core\2.6.7\jackson-core-2.6.7.jar;C:\Users\eost\.m2\repository\com\fasterxml\jackson\dataformat\jackson-dataformat-cbor\2.6.7\jackson-dataformat-cbor-2.6.7.jar;C:\Users\eost\.m2\repository\joda-time\joda-time\2.8.1\joda-time-2.8.1.jar;C:\Users\eost\.m2\repository\com\amazonaws\jmespath-java\1.11.475\jmespath-java-1.11.475.jar;C:\Users\eost\.m2\repository\com\amazonaws\aws-lambda-java-events\1.3.0\aws-lambda-java-events-1.3.0.jar;C:\Users\eost\.m2\repository\com\amazonaws\aws-java-sdk-sns\1.11.475\aws-java-sdk-sns-1.11.475.jar;C:\Users\eost\.m2\repository\com\amazonaws\aws-java-sdk-sqs\1.11.475\aws-java-sdk-sqs-1.11.475.jar;C:\Users\eost\.m2\repository\com\amazonaws\aws-java-sdk-cognitoidentity\1.11.475\aws-java-sdk-cognitoidentity-1.11.475.jar;C:\Users\eost\.m2\repository\com\amazonaws\aws-java-sdk-kinesis\1.11.475\aws-java-sdk-kinesis-1.11.475.jar;C:\Users\eost\.m2\repository\com\amazonaws\aws-java-sdk-dynamodb\1.11.475\aws-java-sdk-dynamodb-1.11.475.jar;C:\Users\eost\.m2\repository\junit\junit\4.12\junit-4.12.jar;C:\Users\eost\.m2\repository\org\hamcrest\hamcrest-core\1.3\hamcrest-core-1.3.jar;"/>
    <property name="sun.cpu.endian" value="little"/>
    <property name="user.home" value="C:\Users\eost"/>
    <property name="user.language" value="en"/>
    <property name="java.specification.vendor" value="Oracle Corporation"/>
    <property name="java.home" value="C:\java\jdk1.8.0_192\jre"/>
    <property name="basedir" value="C:\Users\eost\git\lambda\job"/>
    <property name="file.separator" value="\"/>
    <property name="line.separator" value="&#10;"/>
    <property name="java.vm.specification.vendor" value="Oracle Corporation"/>
    <property name="java.specification.name" value="Java Platform API Specification"/>
    <property name="java.awt.graphicsenv" value="sun.awt.Win32GraphicsEnvironment"/>
    <property name="surefire.real.class.path" value="C:\Users\eost\AppData\Local\Temp\surefire2412129291112084968\surefirebooter337095740522576150.jar"/>
    <property name="sun.boot.class.path" value="C:\java\jdk1.8.0_192\jre\lib\resources.jar;C:\java\jdk1.8.0_192\jre\lib\rt.jar;C:\java\jdk1.8.0_192\jre\lib\sunrsasign.jar;C:\java\jdk1.8.0_192\jre\lib\jsse.jar;C:\java\jdk1.8.0_192\jre\lib\jce.jar;C:\java\jdk1.8.0_192\jre\lib\charsets.jar;C:\java\jdk1.8.0_192\jre\lib\jfr.jar;C:\java\jdk1.8.0_192\jre\classes"/>
    <property name="user.script" value=""/>
    <property name="sun.management.compiler" value="HotSpot 64-Bit Tiered Compilers"/>
    <property name="java.runtime.version" value="1.8.0_192-b12"/>
    <property name="user.name" value="eost"/>
    <property name="path.separator" value=";"/>
    <property name="os.version" value="10.0"/>
    <property name="java.endorsed.dirs" value="C:\java\jdk1.8.0_192\jre\lib\endorsed"/>
    <property name="java.runtime.name" value="Java(TM) SE Runtime Environment"/>
    <property name="file.encoding" value="Cp1252"/>
    <property name="java.vm.name" value="Java HotSpot(TM) 64-Bit Server VM"/>
    <property name="localRepository" value="C:\Users\eost\.m2\repository"/>
    <property name="java.vendor.url.bug" value="http://bugreport.sun.com/bugreport/"/>
    <property name="java.io.tmpdir" value="C:\Users\eost\AppData\Local\Temp\"/>
    <property name="java.version" value="1.8.0_192"/>
    <property name="user.dir" value="C:\Users\eost\git\lambda\job"/>
    <property name="os.arch" value="amd64"/>
    <property name="java.vm.specification.name" value="Java Virtual Machine Specification"/>
    <property name="java.awt.printerjob" value="sun.awt.windows.WPrinterJob"/>
    <property name="sun.os.patch.level" value=""/>
    <property name="java.library.path" value="C:\java\jdk1.8.0_192\jre\bin;C:\WINDOWS\Sun\Java\bin;C:\WINDOWS\system32;C:\WINDOWS;C:/java/jre1.8.0_192/bin/server;C:/java/jre1.8.0_192/bin;C:/java/jre1.8.0_192/lib/amd64;C:\Python\Python37\Scripts\;C:\Python\Python37\;C:\Program Files (x86)\Common Files\Oracle\Java\javapath;C:\gradle\gradle-5.0\bin;C:\Program Files (x86)\Intel\Intel(R) Management Engine Components\iCLS\;C:\Program Files\Intel\Intel(R) Management Engine Components\iCLS\;C:\Windows\system32;C:\Windows;C:\Windows\System32\Wbem;C:\Windows\System32\WindowsPowerShell\v1.0\;C:\Windows\System32\OpenSSH\;C:\Program Files (x86)\Intel\Intel(R) Management Engine Components\DAL;C:\Program Files\Intel\Intel(R) Management Engine Components\DAL;C:\Program Files (x86)\NVIDIA Corporation\PhysX\Common;C:\putty\;C:\git\cmd;C:\apache-maven-3.6.0\bin;C:\WINDOWS\system32;C:\WINDOWS;C:\WINDOWS\System32\Wbem;C:\WINDOWS\System32\WindowsPowerShell\v1.0\;C:\WINDOWS\System32\OpenSSH\;C:\Users\eost\AppData\Local\Microsoft\WindowsApps;;C:\Fiddler;%USERPROFILE%\AppData\Local\Microsoft\WindowsApps;C:\eclipse;;."/>
    <property name="java.vm.info" value="mixed mode"/>
    <property name="java.vendor" value="Oracle Corporation"/>
    <property name="java.vm.version" value="25.192-b12"/>
    <property name="java.ext.dirs" value="C:\java\jdk1.8.0_192\jre\lib\ext;C:\WINDOWS\Sun\Java\lib\ext"/>
    <property name="sun.io.unicode.encoding" value="UnicodeLittle"/>
    <property name="java.class.version" value="52.0"/>
  </properties>
  <testcase name="testLambdaJobHandler" classname="com.talend.se.lambda.handler.TalendJobHandlerTest" time="1.787">
    <error message="Class for TalendJob &apos;se_demo.job2lambda_gettingstarted_03_correlatedlogging_0_1.Job2Lambda_GettingStarted_03_CorrelatedLogging&apos; not found." type="java.lang.Error">java.lang.Error: Class for TalendJob 'se_demo.job2lambda_gettingstarted_03_correlatedlogging_0_1.Job2Lambda_GettingStarted_03_CorrelatedLogging' not found.
	at com.talend.se.lambda.handler.TalendJobHandlerTest.testLambdaJobHandler(TalendJobHandlerTest.java:115)
Caused by: java.lang.ClassNotFoundException: se_demo.job2lambda_gettingstarted_03_correlatedlogging_0_1.Job2Lambda_GettingStarted_03_CorrelatedLogging
	at com.talend.se.lambda.handler.TalendJobHandlerTest.testLambdaJobHandler(TalendJobHandlerTest.java:115)
</error>
    <system-out><![CDATA[env[TalendJobClassName]=se_demo.job2lambda_gettingstarted_03_correlatedlogging_0_1.Job2Lambda_GettingStarted_03_CorrelatedLogging
]]></system-out>
  </testcase>
</testsuite>